In file included from Expression.c:1:
Expression.h:1: warning: data definition has no type or storage class
Expression.h:1: error: expected identifier or ‘(’ before numeric constant
In file included from Expression.c:1:
Expression.h:1:8: error: invalid suffix "c" on integer constant
Expression.h:1: error: expected identifier or ‘(’ before numeric constant
Expression.h:1: error: stray ‘#’ in program
In file included from /usr/include/_G_config.h:44,
                 from /usr/include/libio.h:32,
                 from /usr/include/stdio.h:72,
                 from Common.h:4,
                 from Expression.h:3,
                 from Expression.c:1:
/usr/include/gconv.h:72: error: expected declaration specifiers or ‘...’ before ‘size_t’
/usr/include/gconv.h:88: error: expected declaration specifiers or ‘...’ before ‘size_t’
/usr/include/gconv.h:97: error: expected declaration specifiers or ‘...’ before ‘size_t’
/usr/include/gconv.h:174: error: expected specifier-qualifier-list before ‘size_t’
In file included from /usr/include/stdio.h:72,
                 from Common.h:4,
                 from Expression.h:3,
                 from Expression.c:1:
/usr/include/libio.h:329: error: expected specifier-qualifier-list before ‘size_t’
/usr/include/libio.h:361: error: expected declaration specifiers or ‘...’ before ‘size_t’
/usr/include/libio.h:370: error: expected declaration specifiers or ‘...’ before ‘size_t’
/usr/include/libio.h:486: error: expected ‘=’, ‘,’, ‘;’, ‘asm’ or ‘__attribute__’ before ‘_IO_sgetn’
In file included from Common.h:4,
                 from Expression.h:3,
                 from Expression.c:1:
/usr/include/stdio.h:308: error: expected declaration specifiers or ‘...’ before ‘size_t’
/usr/include/stdio.h:315: error: expected declaration specifiers or ‘...’ before ‘size_t’
/usr/include/stdio.h:357: error: expected declaration specifiers or ‘...’ before ‘size_t’
/usr/include/stdio.h:359: error: format string argument not a string type
/usr/include/stdio.h:361: error: expected declaration specifiers or ‘...’ before ‘size_t’
/usr/include/stdio.h:363: error: format string argument not a string type
/usr/include/stdio.h:610: error: expected ‘=’, ‘,’, ‘;’, ‘asm’ or ‘__attribute__’ before ‘fread’
/usr/include/stdio.h:616: error: expected ‘=’, ‘,’, ‘;’, ‘asm’ or ‘__attribute__’ before ‘fwrite’
/usr/include/stdio.h:638: error: expected ‘=’, ‘,’, ‘;’, ‘asm’ or ‘__attribute__’ before ‘fread_unlocked’
/usr/include/stdio.h:640: error: expected ‘=’, ‘,’, ‘;’, ‘asm’ or ‘__attribute__’ before ‘fwrite_unlocked’
In file included from Common.h:5,
                 from Expression.h:3,
                 from Expression.c:1:
/usr/include/stdlib.h:140: error: expected ‘=’, ‘,’, ‘;’, ‘asm’ or ‘__attribute__’ before ‘__ctype_get_mb_cur_max’
In file included from Common.h:5,
                 from Expression.h:3,
                 from Expression.c:1:
/usr/include/stdlib.h:455: error: expected declaration specifiers or ‘...’ before ‘size_t’
/usr/include/stdlib.h:485: error: expected declaration specifiers or ‘...’ before ‘size_t’
/usr/include/stdlib.h:487: error: nonnull argument with out-of-range operand number (argument 1, operand 4)
/usr/include/stdlib.h:589: error: expected ‘)’ before ‘__size’
/usr/include/stdlib.h:591: error: expected ‘)’ before ‘__nmemb’
/usr/include/stdlib.h:600: error: expected declaration specifiers or ‘...’ before ‘size_t’
In file included from /usr/include/stdlib.h:612,
                 from Common.h:5,
                 from Expression.h:3,
                 from Expression.c:1:
/usr/include/alloca.h:33: error: expected ‘)’ before ‘__size’
In file included from Common.h:5,
                 from Expression.h:3,
                 from Expression.c:1:
/usr/include/stdlib.h:617: error: expected ‘)’ before ‘__size’
/usr/include/stdlib.h:622: error: expected declaration specifiers or ‘...’ before ‘size_t’
/usr/include/stdlib.h:622: error: expected declaration specifiers or ‘...’ before ‘size_t’
/usr/include/stdlib.h:775: error: expected declaration specifiers or ‘...’ before ‘size_t’
/usr/include/stdlib.h:775: error: expected declaration specifiers or ‘...’ before ‘size_t’
/usr/include/stdlib.h:776: error: nonnull argument with out-of-range operand number (argument 1, operand 5)
/usr/include/stdlib.h:780: error: expected declaration specifiers or ‘...’ before ‘size_t’
/usr/include/stdlib.h:780: error: expected declaration specifiers or ‘...’ before ‘size_t’
/usr/include/stdlib.h:781: error: nonnull argument with out-of-range operand number (argument 1, operand 4)
/usr/include/stdlib.h:853: error: expected declaration specifiers or ‘...’ before ‘size_t’
/usr/include/stdlib.h:856: error: expected declaration specifiers or ‘...’ before ‘size_t’
/usr/include/stdlib.h:860: error: expected declaration specifiers or ‘...’ before ‘size_t’
/usr/include/stdlib.h:864: error: expected declaration specifiers or ‘...’ before ‘size_t’
/usr/include/stdlib.h:873: error: expected declaration specifiers or ‘...’ before ‘size_t’
/usr/include/stdlib.h:877: error: expected declaration specifiers or ‘...’ before ‘size_t’
/usr/include/stdlib.h:884: error: expected ‘=’, ‘,’, ‘;’, ‘asm’ or ‘__attribute__’ before ‘mbstowcs’
/usr/include/stdlib.h:887: error: expected ‘=’, ‘,’, ‘;’, ‘asm’ or ‘__attribute__’ before ‘wcstombs’
In file included from Common.h:6,
                 from Expression.h:3,
                 from Expression.c:1:
/usr/include/string.h:39: error: expected declaration specifiers or ‘...’ before ‘size_t’
/usr/include/string.h:43: error: expected declaration specifiers or ‘...’ before ‘size_t’
/usr/include/string.h:52: error: expected declaration specifiers or ‘...’ before ‘size_t’
/usr/include/string.h:59: error: expected declaration specifiers or ‘...’ before ‘size_t’
/usr/include/string.h:62: error: expected declaration specifiers or ‘...’ before ‘size_t’
/usr/include/string.h:66: error: expected declaration specifiers or ‘...’ before ‘size_t’
/usr/include/string.h:88: error: expected declaration specifiers or ‘...’ before ‘size_t’
/usr/include/string.h:96: error: expected declaration specifiers or ‘...’ before ‘size_t’
/usr/include/string.h:102: error: expected declaration specifiers or ‘...’ before ‘size_t’
/usr/include/string.h:109: error: expected ‘=’, ‘,’, ‘;’, ‘asm’ or ‘__attribute__’ before ‘strxfrm’
/usr/include/string.h:184: error: expected ‘=’, ‘,’, ‘;’, ‘asm’ or ‘__attribute__’ before ‘strcspn’
/usr/include/string.h:188: error: expected ‘=’, ‘,’, ‘;’, ‘asm’ or ‘__attribute__’ before ‘strspn’
/usr/include/string.h:242: error: expected ‘=’, ‘,’, ‘;’, ‘asm’ or ‘__attribute__’ before ‘strlen’
/usr/include/string.h:270: error: expected declaration specifiers or ‘...’ before ‘size_t’
/usr/include/string.h:288: error: expected declaration specifiers or ‘...’ before ‘size_t’
/usr/include/string.h:292: error: expected declaration specifiers or ‘...’ before ‘size_t’
/usr/include/string.h:296: error: expected declaration specifiers or ‘...’ before ‘size_t’
/usr/include/string.h:299: error: expected declaration specifiers or ‘...’ before ‘size_t’
/usr/include/string.h:329: error: expected declaration specifiers or ‘...’ before ‘size_t’
Expression.h:45:2: error: #endif without #if
